<?xml version="1.0" encoding="UTF-8"?>
<testng-results skipped="0" failed="0" ignored="0" total="1" passed="1">
  <reporter-output>
  </reporter-output>
  <suite name="InetBankingV1" duration-ms="52282" started-at="2020-04-07T14:13:34Z" finished-at="2020-04-07T14:14:26Z">
    <groups>
    </groups>
    <test name="BankingApp Test" duration-ms="52282" started-at="2020-04-07T14:13:34Z" finished-at="2020-04-07T14:14:26Z">
      <class name="com.inetbanking.testCases.TC_LoginTest_001">
        <test-method status="PASS" signature="setup(java.lang.String)[pri:0, instance:com.inetbanking.testCases.TC_LoginTest_001@968a59]" name="setup" is-config="true" duration-ms="33841" started-at="2020-04-07T14:13:34Z" finished-at="2020-04-07T14:14:08Z">
          <params>
            <param index="0">
              <value>
                <![CDATA[firefox]]>
              </value>
            </param>
          </params>
          <reporter-output>
          </reporter-output>
        </test-method> <!-- setup -->
        <test-method status="PASS" signature="loginTest()[pri:0, instance:com.inetbanking.testCases.TC_LoginTest_001@968a59]" name="loginTest" duration-ms="10563" started-at="2020-04-07T14:14:08Z" finished-at="2020-04-07T14:14:19Z">
          <reporter-output>
          </reporter-output>
        </test-method> <!-- loginTest -->
        <test-method status="PASS" signature="tearDown()[pri:0, instance:com.inetbanking.testCases.TC_LoginTest_001@968a59]" name="tearDown" is-config="true" duration-ms="7422" started-at="2020-04-07T14:14:19Z" finished-at="2020-04-07T14:14:26Z">
          <reporter-output>
          </reporter-output>
        </test-method> <!-- tearDown -->
      </class> <!-- com.inetbanking.testCases.TC_LoginTest_001 -->
    </test> <!-- BankingApp Test -->
  </suite> <!-- InetBankingV1 -->
</testng-results>
